[2025-05-14 06:30:31] local.ERROR: Cannot redeclare App\Models\TicketReply::ticket() {"exception":"[object] (Symfony\\Component\\ErrorHandler\\Error\\FatalError(code: 0): Cannot redeclare App\\Models\\TicketReply::ticket() at /Volumes/KINGSTON SNV3S500G Media/bwa-class/TickTrack/api-tick-track/app/Models/TicketReply.php:20)
[stacktrace]
#0 {main}
"} 
[2025-05-16 05:55:23] local.ERROR: Call to undefined method App\Http\Controllers\TicketController::index() {"userId":2,"exception":"[object] (Error(code: 0): Call to undefined method App\\Http\\Controllers\\TicketController::index() at /Volumes/KINGSTON SNV3S500G Media/bwa-class/TickTrack/api-tick-track/vendor/laravel/framework/src/Illuminate/Routing/ControllerDispatcher.php:46)
[stacktrace]
#0 /Volumes/KINGSTON SNV3S500G Media/bwa-class/TickTrack/api-tick-track/vendor/laravel/framework/src/Illuminate/Routing/Route.php(265): Illuminate\\Routing\\ControllerDispatcher->dispatch(Object(Illuminate\\Routing\\Route), Object(App\\Http\\Controllers\\TicketController), 'index')
#1 /Volumes/KINGSTON SNV3S500G Media/bwa-class/TickTrack/api-tick-track/vendor/laravel/framework/src/Illuminate/Routing/Route.php(211): Illuminate\\Routing\\Route->runController()
#2 /Volumes/KINGSTON SNV3S500G Media/bwa-class/TickTrack/api-tick-track/vendor/laravel/framework/src/Illuminate/Routing/Router.php(808): Illuminate\\Routing\\Route->run()
#3 /Volumes/KINGSTON SNV3S500G Media/bwa-class/TickTrack/api-tick-track/vendor/laravel/framework/src/Illuminate/Pipeline/Pipeline.php(169): Illuminate\\Routing\\Router->Illuminate\\Routing\\{closure}(Object(Illuminate\\Http\\Request))
#4 /Volumes/KINGSTON SNV3S500G Media/bwa-class/TickTrack/api-tick-track/vendor/laravel/framework/src/Illuminate/Routing/Middleware/SubstituteBindings.php(50): Illuminate\\Pipeline\\Pipeline->Illuminate\\Pipeline\\{closure}(Object(Illuminate\\Http\\Request))
#5 /Volumes/KINGSTON SNV3S500G Media/bwa-class/TickTrack/api-tick-track/vendor/laravel/framework/src/Illuminate/Pipeline/Pipeline.php(208): Illuminate\\Routing\\Middleware\\SubstituteBindings->handle(Object(Illuminate\\Http\\Request), Object(Closure))
#6 /Volumes/KINGSTON SNV3S500G Media/bwa-class/TickTrack/api-tick-track/vendor/laravel/framework/src/Illuminate/Auth/Middleware/Authenticate.php(63): Illuminate\\Pipeline\\Pipeline->Illuminate\\Pipeline\\{closure}(Object(Illuminate\\Http\\Request))
#7 /Volumes/KINGSTON SNV3S500G Media/bwa-class/TickTrack/api-tick-track/vendor/laravel/framework/src/Illuminate/Pipeline/Pipeline.php(208): Illuminate\\Auth\\Middleware\\Authenticate->handle(Object(Illuminate\\Http\\Request), Object(Closure), 'sanctum')
#8 /Volumes/KINGSTON SNV3S500G Media/bwa-class/TickTrack/api-tick-track/vendor/laravel/framework/src/Illuminate/Pipeline/Pipeline.php(126): Illuminate\\Pipeline\\Pipeline->Illuminate\\Pipeline\\{closure}(Object(Illuminate\\Http\\Request))
#9 /Volumes/KINGSTON SNV3S500G Media/bwa-class/TickTrack/api-tick-track/vendor/laravel/framework/src/Illuminate/Routing/Router.php(807): Illuminate\\Pipeline\\Pipeline->then(Object(Closure))
#10 /Volumes/KINGSTON SNV3S500G Media/bwa-class/TickTrack/api-tick-track/vendor/laravel/framework/src/Illuminate/Routing/Router.php(786): Illuminate\\Routing\\Router->runRouteWithinStack(Object(Illuminate\\Routing\\Route), Object(Illuminate\\Http\\Request))
#11 /Volumes/KINGSTON SNV3S500G Media/bwa-class/TickTrack/api-tick-track/vendor/laravel/framework/src/Illuminate/Routing/Router.php(750): Illuminate\\Routing\\Router->runRoute(Object(Illuminate\\Http\\Request), Object(Illuminate\\Routing\\Route))
#12 /Volumes/KINGSTON SNV3S500G Media/bwa-class/TickTrack/api-tick-track/vendor/laravel/framework/src/Illuminate/Routing/Router.php(739): Illuminate\\Routing\\Router->dispatchToRoute(Object(Illuminate\\Http\\Request))
#13 /Volumes/KINGSTON SNV3S500G Media/bwa-class/TickTrack/api-tick-track/vendor/laravel/framework/src/Illuminate/Foundation/Http/Kernel.php(200): Illuminate\\Routing\\Router->dispatch(Object(Illuminate\\Http\\Request))
#14 /Volumes/KINGSTON SNV3S500G Media/bwa-class/TickTrack/api-tick-track/vendor/laravel/framework/src/Illuminate/Pipeline/Pipeline.php(169): Illuminate\\Foundation\\Http\\Kernel->Illuminate\\Foundation\\Http\\{closure}(Object(Illuminate\\Http\\Request))
#15 /Volumes/KINGSTON SNV3S500G Media/bwa-class/TickTrack/api-tick-track/vendor/laravel/framework/src/Illuminate/Foundation/Http/Middleware/TransformsRequest.php(21): Illuminate\\Pipeline\\Pipeline->Illuminate\\Pipeline\\{closure}(Object(Illuminate\\Http\\Request))
#16 /Volumes/KINGSTON SNV3S500G Media/bwa-class/TickTrack/api-tick-track/vendor/laravel/framework/src/Illuminate/Foundation/Http/Middleware/ConvertEmptyStringsToNull.php(31): Illuminate\\Foundation\\Http\\Middleware\\TransformsRequest->handle(Object(Illuminate\\Http\\Request), Object(Closure))
#17 /Volumes/KINGSTON SNV3S500G Media/bwa-class/TickTrack/api-tick-track/vendor/laravel/framework/src/Illuminate/Pipeline/Pipeline.php(208): Illuminate\\Foundation\\Http\\Middleware\\ConvertEmptyStringsToNull->handle(Object(Illuminate\\Http\\Request), Object(Closure))
#18 /Volumes/KINGSTON SNV3S500G Media/bwa-class/TickTrack/api-tick-track/vendor/laravel/framework/src/Illuminate/Foundation/Http/Middleware/TransformsRequest.php(21): Illuminate\\Pipeline\\Pipeline->Illuminate\\Pipeline\\{closure}(Object(Illuminate\\Http\\Request))
#19 /Volumes/KINGSTON SNV3S500G Media/bwa-class/TickTrack/api-tick-track/vendor/laravel/framework/src/Illuminate/Foundation/Http/Middleware/TrimStrings.php(51): Illuminate\\Foundation\\Http\\Middleware\\TransformsRequest->handle(Object(Illuminate\\Http\\Request), Object(Closure))
#20 /Volumes/KINGSTON SNV3S500G Media/bwa-class/TickTrack/api-tick-track/vendor/laravel/framework/src/Illuminate/Pipeline/Pipeline.php(208): Illuminate\\Foundation\\Http\\Middleware\\TrimStrings->handle(Object(Illuminate\\Http\\Request), Object(Closure))
#21 /Volumes/KINGSTON SNV3S500G Media/bwa-class/TickTrack/api-tick-track/vendor/laravel/framework/src/Illuminate/Http/Middleware/ValidatePostSize.php(27): Illuminate\\Pipeline\\Pipeline->Illuminate\\Pipeline\\{closure}(Object(Illuminate\\Http\\Request))
#22 /Volumes/KINGSTON SNV3S500G Media/bwa-class/TickTrack/api-tick-track/vendor/laravel/framework/src/Illuminate/Pipeline/Pipeline.php(208): Illuminate\\Http\\Middleware\\ValidatePostSize->handle(Object(Illuminate\\Http\\Request), Object(Closure))
#23 /Volumes/KINGSTON SNV3S500G Media/bwa-class/TickTrack/api-tick-track/vendor/laravel/framework/src/Illuminate/Foundation/Http/Middleware/PreventRequestsDuringMaintenance.php(109): Illuminate\\Pipeline\\Pipeline->Illuminate\\Pipeline\\{closure}(Object(Illuminate\\Http\\Request))
#24 /Volumes/KINGSTON SNV3S500G Media/bwa-class/TickTrack/api-tick-track/vendor/laravel/framework/src/Illuminate/Pipeline/Pipeline.php(208): Illuminate\\Foundation\\Http\\Middleware\\PreventRequestsDuringMaintenance->handle(Object(Illuminate\\Http\\Request), Object(Closure))
#25 /Volumes/KINGSTON SNV3S500G Media/bwa-class/TickTrack/api-tick-track/vendor/laravel/framework/src/Illuminate/Http/Middleware/HandleCors.php(61): Illuminate\\Pipeline\\Pipeline->Illuminate\\Pipeline\\{closure}(Object(Illuminate\\Http\\Request))
#26 /Volumes/KINGSTON SNV3S500G Media/bwa-class/TickTrack/api-tick-track/vendor/laravel/framework/src/Illuminate/Pipeline/Pipeline.php(208): Illuminate\\Http\\Middleware\\HandleCors->handle(Object(Illuminate\\Http\\Request), Object(Closure))
#27 /Volumes/KINGSTON SNV3S500G Media/bwa-class/TickTrack/api-tick-track/vendor/laravel/framework/src/Illuminate/Http/Middleware/TrustProxies.php(58): Illuminate\\Pipeline\\Pipeline->Illuminate\\Pipeline\\{closure}(Object(Illuminate\\Http\\Request))
#28 /Volumes/KINGSTON SNV3S500G Media/bwa-class/TickTrack/api-tick-track/vendor/laravel/framework/src/Illuminate/Pipeline/Pipeline.php(208): Illuminate\\Http\\Middleware\\TrustProxies->handle(Object(Illuminate\\Http\\Request), Object(Closure))
#29 /Volumes/KINGSTON SNV3S500G Media/bwa-class/TickTrack/api-tick-track/vendor/laravel/framework/src/Illuminate/Foundation/Http/Middleware/InvokeDeferredCallbacks.php(22): Illuminate\\Pipeline\\Pipeline->Illuminate\\Pipeline\\{closure}(Object(Illuminate\\Http\\Request))
#30 /Volumes/KINGSTON SNV3S500G Media/bwa-class/TickTrack/api-tick-track/vendor/laravel/framework/src/Illuminate/Pipeline/Pipeline.php(208): Illuminate\\Foundation\\Http\\Middleware\\InvokeDeferredCallbacks->handle(Object(Illuminate\\Http\\Request), Object(Closure))
#31 /Volumes/KINGSTON SNV3S500G Media/bwa-class/TickTrack/api-tick-track/vendor/laravel/framework/src/Illuminate/Http/Middleware/ValidatePathEncoding.php(26): Illuminate\\Pipeline\\Pipeline->Illuminate\\Pipeline\\{closure}(Object(Illuminate\\Http\\Request))
#32 /Volumes/KINGSTON SNV3S500G Media/bwa-class/TickTrack/api-tick-track/vendor/laravel/framework/src/Illuminate/Pipeline/Pipeline.php(208): Illuminate\\Http\\Middleware\\ValidatePathEncoding->handle(Object(Illuminate\\Http\\Request), Object(Closure))
#33 /Volumes/KINGSTON SNV3S500G Media/bwa-class/TickTrack/api-tick-track/vendor/laravel/framework/src/Illuminate/Pipeline/Pipeline.php(126): Illuminate\\Pipeline\\Pipeline->Illuminate\\Pipeline\\{closure}(Object(Illuminate\\Http\\Request))
#34 /Volumes/KINGSTON SNV3S500G Media/bwa-class/TickTrack/api-tick-track/vendor/laravel/framework/src/Illuminate/Foundation/Http/Kernel.php(175): Illuminate\\Pipeline\\Pipeline->then(Object(Closure))
#35 /Volumes/KINGSTON SNV3S500G Media/bwa-class/TickTrack/api-tick-track/vendor/laravel/framework/src/Illuminate/Foundation/Http/Kernel.php(144): Illuminate\\Foundation\\Http\\Kernel->sendRequestThroughRouter(Object(Illuminate\\Http\\Request))
#36 /Volumes/KINGSTON SNV3S500G Media/bwa-class/TickTrack/api-tick-track/vendor/laravel/framework/src/Illuminate/Foundation/Application.php(1219): Illuminate\\Foundation\\Http\\Kernel->handle(Object(Illuminate\\Http\\Request))
#37 /Volumes/KINGSTON SNV3S500G Media/bwa-class/TickTrack/api-tick-track/public/index.php(20): Illuminate\\Foundation\\Application->handleRequest(Object(Illuminate\\Http\\Request))
#38 /Volumes/KINGSTON SNV3S500G Media/bwa-class/TickTrack/api-tick-track/vendor/laravel/framework/src/Illuminate/Foundation/resources/server.php(23): require_once('/Volumes/KINGST...')
#39 {main}
"} 
